<?xml version="1.0" encoding="UTF-8"?>
<!-- Generated by org.testng.reporters.JUnitReportReporter -->
<testsuite ignored="0" hostname="DESKTOP-BS53P48" failures="0" tests="1" name="org.testngtrial.TestNgCheck" time="49.065" errors="0" timestamp="09 Nov 2021 03:57:41 GMT" skipped="0">
  <testcase classname="org.testngtrial.TestNgCheck" name="sample" time="49.065"/>
</testsuite> <!-- org.testngtrial.TestNgCheck -->
